2020-02-28T01:49:18+00:00 CRITICAL syntax error, unexpected '}' in /Applications/XAMPP/xamppfiles/htdocs/wordpress/wp-content/plugins/wp-learn/includes/admin-menu.php on line 22

2020-02-28T01:50:18+00:00 CRITICAL syntax error, unexpected '}' in /Applications/XAMPP/xamppfiles/htdocs/wordpress/wp-content/plugins/wp-learn/includes/admin-menu.php on line 22

2020-02-28T01:57:05+00:00 CRITICAL Uncaught ArgumentCountError: Too few arguments to function add_submenu_page(), 4 passed in /Applications/XAMPP/xamppfiles/htdocs/wordpress/wp-content/plugins/wp-learn/includes/admin-menu.php on line 21 and at least 5 expected in /Applications/XAMPP/xamppfiles/htdocs/wordpress/wp-admin/includes/plugin.php:1345
Stack trace:
#0 /Applications/XAMPP/xamppfiles/htdocs/wordpress/wp-content/plugins/wp-learn/includes/admin-menu.php(21): add_submenu_page('plugin-option', 'General Setting', 'plugin-option-g...', 'show_general_se...')
#1 /Applications/XAMPP/xamppfiles/htdocs/wordpress/wp-includes/class-wp-hook.php(288): add_admin_submenu('')
#2 /Applications/XAMPP/xamppfiles/htdocs/wordpress/wp-includes/class-wp-hook.php(312): WP_Hook->apply_filters(NULL, Array)
#3 /Applications/XAMPP/xamppfiles/htdocs/wordpress/wp-includes/plugin.php(478): WP_Hook->do_action(Array)
#4 /Applications/XAMPP/xamppfiles/htdocs/wordpress/wp-admin/includes/menu.php(155): do_action('admin_menu', '')
#5 /Applications/XAMPP/xamppfiles/htdocs/word in /Applications/XAMPP/xamppfiles/htdocs/wordpress/wp-admin/includes/plugin.php on line 1345

2020-02-28T02:29:50+00:00 CRITICAL Uncaught Error: Call to undefined function add_ation() in /Applications/XAMPP/xamppfiles/htdocs/wordpress/wp-content/plugins/wp-learn/includes/my-meta-boxes.php:11
Stack trace:
#0 /Applications/XAMPP/xamppfiles/htdocs/wordpress/wp-content/plugins/wp-learn/wp-learn.php(16): require()
#1 /Applications/XAMPP/xamppfiles/htdocs/wordpress/wp-settings.php(360): include_once('/Applications/X...')
#2 /Applications/XAMPP/xamppfiles/htdocs/wordpress/wp-config.php(96): require_once('/Applications/X...')
#3 /Applications/XAMPP/xamppfiles/htdocs/wordpress/wp-load.php(37): require_once('/Applications/X...')
#4 /Applications/XAMPP/xamppfiles/htdocs/wordpress/wp-admin/admin.php(34): require_once('/Applications/X...')
#5 {main}
  thrown in /Applications/XAMPP/xamppfiles/htdocs/wordpress/wp-content/plugins/wp-learn/includes/my-meta-boxes.php on line 11

2020-02-28T03:00:12+00:00 CRITICAL syntax error, unexpected '            ' (T_STRING) in /Applications/XAMPP/xamppfiles/htdocs/wordpress/wp-content/plugins/wp-learn/includes/my-meta-boxes.php on line 26

2020-02-28T03:01:12+00:00 CRITICAL syntax error, unexpected '            ' (T_STRING) in /Applications/XAMPP/xamppfiles/htdocs/wordpress/wp-content/plugins/wp-learn/includes/my-meta-boxes.php on line 26

2020-02-28T03:02:15+00:00 CRITICAL syntax error, unexpected '            ' (T_STRING) in /Applications/XAMPP/xamppfiles/htdocs/wordpress/wp-content/plugins/wp-learn/includes/my-meta-boxes.php on line 26

2020-02-28T03:03:41+00:00 CRITICAL syntax error, unexpected '            ' (T_STRING) in /Applications/XAMPP/xamppfiles/htdocs/wordpress/wp-content/plugins/wp-learn/includes/my-meta-boxes.php on line 26

2020-02-28T03:05:43+00:00 CRITICAL Uncaught Error: Call to undefined function     wp_nonce_field() in /Applications/XAMPP/xamppfiles/htdocs/wordpress/wp-content/plugins/wp-learn/includes/my-meta-boxes.php:21
Stack trace:
#0 /Applications/XAMPP/xamppfiles/htdocs/wordpress/wp-admin/includes/template.php(1343): show_metabox_contain(Object(WP_Post), Array)
#1 /Applications/XAMPP/xamppfiles/htdocs/wordpress/wp-admin/includes/post.php(2263): do_meta_boxes(Object(WP_Screen), 'side', Object(WP_Post))
#2 /Applications/XAMPP/xamppfiles/htdocs/wordpress/wp-admin/edit-form-blocks.php(409): the_block_editor_meta_boxes()
#3 /Applications/XAMPP/xamppfiles/htdocs/wordpress/wp-admin/post.php(179): include('/Applications/X...')
#4 {main}
  thrown in /Applications/XAMPP/xamppfiles/htdocs/wordpress/wp-content/plugins/wp-learn/includes/my-meta-boxes.php on line 21

2020-02-28T04:26:19+00:00 CRITICAL require(): Failed opening required 'inclues/metabox-three-steps.php' (include_path='.:/Applications/XAMPP/xamppfiles/lib/php') in /Applications/XAMPP/xamppfiles/htdocs/wordpress/wp-content/plugins/wp-learn/wp-learn.php on line 17

2020-02-28T04:34:19+00:00 CRITICAL require(): Failed opening required 'inclues/metabox-three-steps.php' (include_path='.:/Applications/XAMPP/xamppfiles/lib/php') in /Applications/XAMPP/xamppfiles/htdocs/wordpress/wp-content/plugins/wp-learn/wp-learn.php on line 17

2020-02-28T04:40:29+00:00 CRITICAL Uncaught Error: Call to undefined function     wp_nonce_field() in /Applications/XAMPP/xamppfiles/htdocs/wordpress/wp-content/plugins/wp-learn/includes/metabox-three-steps.php:12
Stack trace:
#0 /Applications/XAMPP/xamppfiles/htdocs/wordpress/wp-admin/includes/template.php(1343): show_meta_box(Object(WP_Post), Array)
#1 /Applications/XAMPP/xamppfiles/htdocs/wordpress/wp-admin/includes/post.php(2263): do_meta_boxes(Object(WP_Screen), 'advanced', Object(WP_Post))
#2 /Applications/XAMPP/xamppfiles/htdocs/wordpress/wp-admin/edit-form-blocks.php(409): the_block_editor_meta_boxes()
#3 /Applications/XAMPP/xamppfiles/htdocs/wordpress/wp-admin/post.php(179): include('/Applications/X...')
#4 {main}
  thrown in /Applications/XAMPP/xamppfiles/htdocs/wordpress/wp-content/plugins/wp-learn/includes/metabox-three-steps.php on line 12

