2020-03-06T06:56:25+00:00 CRITICAL Uncaught Error: Cannot use object of type WC_Product_Simple as array in /Applications/XAMPP/xamppfiles/htdocs/wordpress/wp-content/plugins/woocommerce/includes/wc-template-functions.php:3573
Stack trace:
#0 /Applications/XAMPP/xamppfiles/htdocs/wordpress/wp-content/plugins/woocommerce/templates/cart/mini-cart.php(62): wc_get_formatted_cart_item_data(Array)
#1 /Applications/XAMPP/xamppfiles/htdocs/wordpress/wp-content/plugins/woocommerce/includes/wc-core-functions.php(249): include('/Applications/X...')
#2 /Applications/XAMPP/xamppfiles/htdocs/wordpress/wp-content/plugins/woocommerce/includes/wc-template-functions.php(2116): wc_get_template('cart/mini-cart....', Array)
#3 /Applications/XAMPP/xamppfiles/htdocs/wordpress/wp-content/plugins/woocommerce/includes/class-wc-ajax.php(184): woocommerce_mini_cart()
#4 /Applications/XAMPP/xamppfiles/htdocs/wordpress/wp-includes/class-wp-hook.php(288): WC_AJAX::get_refreshed_fragments('')
#5 /Applications/XAMPP/xamppfiles/htdocs/wordpress/wp-includes/class-wp-hook.php(312 in /Applications/XAMPP/xamppfiles/htdocs/wordpress/wp-content/plugins/woocommerce/includes/wc-template-functions.php on line 3573

2020-03-06T06:56:27+00:00 CRITICAL Uncaught Error: Cannot use object of type WC_Product_Simple as array in /Applications/XAMPP/xamppfiles/htdocs/wordpress/wp-content/plugins/woocommerce/includes/wc-template-functions.php:3573
Stack trace:
#0 /Applications/XAMPP/xamppfiles/htdocs/wordpress/wp-content/plugins/woocommerce/templates/cart/cart.php(88): wc_get_formatted_cart_item_data(Array)
#1 /Applications/XAMPP/xamppfiles/htdocs/wordpress/wp-content/plugins/woocommerce/includes/wc-core-functions.php(249): include('/Applications/X...')
#2 /Applications/XAMPP/xamppfiles/htdocs/wordpress/wp-content/plugins/woocommerce/includes/shortcodes/class-wc-shortcode-cart.php(99): wc_get_template('cart/cart.php')
#3 /Applications/XAMPP/xamppfiles/htdocs/wordpress/wp-content/plugins/woocommerce/includes/class-wc-shortcodes.php(72): WC_Shortcode_Cart::output(Array)
#4 /Applications/XAMPP/xamppfiles/htdocs/wordpress/wp-content/plugins/woocommerce/includes/class-wc-shortcodes.php(85): WC_Shortcodes::shortcode_wrapper(Array)
#5 /Applications/XAMPP/xamppfiles/htdocs in /Applications/XAMPP/xamppfiles/htdocs/wordpress/wp-content/plugins/woocommerce/includes/wc-template-functions.php on line 3573

2020-03-06T06:58:05+00:00 CRITICAL Uncaught Error: Cannot use object of type WC_Product_Simple as array in /Applications/XAMPP/xamppfiles/htdocs/wordpress/wp-content/plugins/woocommerce/includes/wc-template-functions.php:3573
Stack trace:
#0 /Applications/XAMPP/xamppfiles/htdocs/wordpress/wp-content/plugins/woocommerce/templates/cart/cart.php(88): wc_get_formatted_cart_item_data(Array)
#1 /Applications/XAMPP/xamppfiles/htdocs/wordpress/wp-content/plugins/woocommerce/includes/wc-core-functions.php(249): include('/Applications/X...')
#2 /Applications/XAMPP/xamppfiles/htdocs/wordpress/wp-content/plugins/woocommerce/includes/shortcodes/class-wc-shortcode-cart.php(99): wc_get_template('cart/cart.php')
#3 /Applications/XAMPP/xamppfiles/htdocs/wordpress/wp-content/plugins/woocommerce/includes/class-wc-shortcodes.php(72): WC_Shortcode_Cart::output(Array)
#4 /Applications/XAMPP/xamppfiles/htdocs/wordpress/wp-content/plugins/woocommerce/includes/class-wc-shortcodes.php(85): WC_Shortcodes::shortcode_wrapper(Array)
#5 /Applications/XAMPP/xamppfiles/htdocs in /Applications/XAMPP/xamppfiles/htdocs/wordpress/wp-content/plugins/woocommerce/includes/wc-template-functions.php on line 3573

2020-03-06T07:11:49+00:00 CRITICAL Uncaught Error: Cannot use object of type WC_Product_Simple as array in /Applications/XAMPP/xamppfiles/htdocs/wordpress/wp-content/plugins/mb-personalized/include/personalized.php:180
Stack trace:
#0 /Applications/XAMPP/xamppfiles/htdocs/wordpress/wp-includes/class-wp-hook.php(288): MB_Personalized->print_data_add_to_cart(Array, Array)
#1 /Applications/XAMPP/xamppfiles/htdocs/wordpress/wp-includes/plugin.php(206): WP_Hook->apply_filters(Array, Array)
#2 /Applications/XAMPP/xamppfiles/htdocs/wordpress/wp-content/plugins/woocommerce/includes/wc-template-functions.php(3568): apply_filters('woocommerce_get...', Array, Array)
#3 /Applications/XAMPP/xamppfiles/htdocs/wordpress/wp-content/plugins/woocommerce/templates/cart/cart.php(88): wc_get_formatted_cart_item_data(Array)
#4 /Applications/XAMPP/xamppfiles/htdocs/wordpress/wp-content/plugins/woocommerce/includes/wc-core-functions.php(249): include('/Applications/X...')
#5 /Applications/XAMPP/xamppfiles/htdocs/wordpress/wp-content/plugins/woocommerce/includes/short in /Applications/XAMPP/xamppfiles/htdocs/wordpress/wp-content/plugins/mb-personalized/include/personalized.php on line 180

2020-03-06T07:12:12+00:00 CRITICAL Uncaught Error: Cannot use object of type WC_Product_Simple as array in /Applications/XAMPP/xamppfiles/htdocs/wordpress/wp-content/plugins/woocommerce/includes/wc-template-functions.php:3573
Stack trace:
#0 /Applications/XAMPP/xamppfiles/htdocs/wordpress/wp-content/plugins/woocommerce/templates/cart/cart.php(88): wc_get_formatted_cart_item_data(Array)
#1 /Applications/XAMPP/xamppfiles/htdocs/wordpress/wp-content/plugins/woocommerce/includes/wc-core-functions.php(249): include('/Applications/X...')
#2 /Applications/XAMPP/xamppfiles/htdocs/wordpress/wp-content/plugins/woocommerce/includes/shortcodes/class-wc-shortcode-cart.php(99): wc_get_template('cart/cart.php')
#3 /Applications/XAMPP/xamppfiles/htdocs/wordpress/wp-content/plugins/woocommerce/includes/class-wc-shortcodes.php(72): WC_Shortcode_Cart::output(Array)
#4 /Applications/XAMPP/xamppfiles/htdocs/wordpress/wp-content/plugins/woocommerce/includes/class-wc-shortcodes.php(85): WC_Shortcodes::shortcode_wrapper(Array)
#5 /Applications/XAMPP/xamppfiles/htdocs in /Applications/XAMPP/xamppfiles/htdocs/wordpress/wp-content/plugins/woocommerce/includes/wc-template-functions.php on line 3573

2020-03-06T07:14:26+00:00 CRITICAL Uncaught Error: Cannot use object of type WC_Product_Simple as array in /Applications/XAMPP/xamppfiles/htdocs/wordpress/wp-content/plugins/woocommerce/includes/wc-template-functions.php:3573
Stack trace:
#0 /Applications/XAMPP/xamppfiles/htdocs/wordpress/wp-content/plugins/woocommerce/templates/cart/cart.php(88): wc_get_formatted_cart_item_data(Array)
#1 /Applications/XAMPP/xamppfiles/htdocs/wordpress/wp-content/plugins/woocommerce/includes/wc-core-functions.php(249): include('/Applications/X...')
#2 /Applications/XAMPP/xamppfiles/htdocs/wordpress/wp-content/plugins/woocommerce/includes/shortcodes/class-wc-shortcode-cart.php(99): wc_get_template('cart/cart.php')
#3 /Applications/XAMPP/xamppfiles/htdocs/wordpress/wp-content/plugins/woocommerce/includes/class-wc-shortcodes.php(72): WC_Shortcode_Cart::output(Array)
#4 /Applications/XAMPP/xamppfiles/htdocs/wordpress/wp-content/plugins/woocommerce/includes/class-wc-shortcodes.php(85): WC_Shortcodes::shortcode_wrapper(Array)
#5 /Applications/XAMPP/xamppfiles/htdocs in /Applications/XAMPP/xamppfiles/htdocs/wordpress/wp-content/plugins/woocommerce/includes/wc-template-functions.php on line 3573

2020-03-06T07:33:58+00:00 CRITICAL Uncaught Error: Cannot use object of type WC_Product_Simple as array in /Applications/XAMPP/xamppfiles/htdocs/wordpress/wp-content/plugins/woocommerce/includes/wc-template-functions.php:3573
Stack trace:
#0 /Applications/XAMPP/xamppfiles/htdocs/wordpress/wp-content/plugins/woocommerce/templates/cart/cart.php(88): wc_get_formatted_cart_item_data(Array)
#1 /Applications/XAMPP/xamppfiles/htdocs/wordpress/wp-content/plugins/woocommerce/includes/wc-core-functions.php(249): include('/Applications/X...')
#2 /Applications/XAMPP/xamppfiles/htdocs/wordpress/wp-content/plugins/woocommerce/includes/shortcodes/class-wc-shortcode-cart.php(99): wc_get_template('cart/cart.php')
#3 /Applications/XAMPP/xamppfiles/htdocs/wordpress/wp-content/plugins/woocommerce/includes/class-wc-shortcodes.php(72): WC_Shortcode_Cart::output(Array)
#4 /Applications/XAMPP/xamppfiles/htdocs/wordpress/wp-content/plugins/woocommerce/includes/class-wc-shortcodes.php(85): WC_Shortcodes::shortcode_wrapper(Array)
#5 /Applications/XAMPP/xamppfiles/htdocs in /Applications/XAMPP/xamppfiles/htdocs/wordpress/wp-content/plugins/woocommerce/includes/wc-template-functions.php on line 3573

