2020-03-02T02:38:37+00:00 CRITICAL require(): Failed opening required 'includes/hidden-widgets.php' (include_path='.:/Applications/XAMPP/xamppfiles/lib/php') in /Applications/XAMPP/xamppfiles/htdocs/wordpress/wp-content/plugins/wp-learn/wp-learn.php on line 12

2020-03-02T03:01:29+00:00 CRITICAL syntax error, unexpected end of file in /Applications/XAMPP/xamppfiles/htdocs/wordpress/wp-content/plugins/wp-learn/includes/hidden-widgets.php on line 2

2020-03-02T03:03:29+00:00 CRITICAL syntax error, unexpected end of file in /Applications/XAMPP/xamppfiles/htdocs/wordpress/wp-content/plugins/wp-learn/includes/hidden-widgets.php on line 2

2020-03-02T03:05:39+00:00 CRITICAL syntax error, unexpected end of file in /Applications/XAMPP/xamppfiles/htdocs/wordpress/wp-content/plugins/wp-learn/includes/hidden-widgets.php on line 2

2020-03-02T03:42:44+00:00 CRITICAL syntax error, unexpected '}', expecting end of file in /Applications/XAMPP/xamppfiles/htdocs/wordpress/wp-content/plugins/wp-learn/includes/hidden-widgets.php on line 5

2020-03-02T03:56:19+00:00 CRITICAL Uncaught Error: Call to undefined function woocommerce_wp_text_input() in /Applications/XAMPP/xamppfiles/htdocs/wordpress/wp-content/plugins/wp-learn/hidden-widgets.php:10
Stack trace:
#0 /Applications/XAMPP/xamppfiles/htdocs/wordpress/wp-includes/class-wp-hook.php(288): woo_add_custom_general_fields('')
#1 /Applications/XAMPP/xamppfiles/htdocs/wordpress/wp-includes/class-wp-hook.php(312): WP_Hook->apply_filters('', Array)
#2 /Applications/XAMPP/xamppfiles/htdocs/wordpress/wp-includes/plugin.php(478): WP_Hook->do_action(Array)
#3 /Applications/XAMPP/xamppfiles/htdocs/wordpress/wp-content/plugins/woocommerce/templates/single-product/add-to-cart/simple.php(30): do_action('woocommerce_bef...')
#4 /Applications/XAMPP/xamppfiles/htdocs/wordpress/wp-content/plugins/woocommerce/includes/wc-core-functions.php(249): include('/Applications/X...')
#5 /Applications/XAMPP/xamppfiles/htdocs/wordpress/wp-content/plugins/woocommerce/includes/wc-template-functions.php(1581): wc_get_template('single-product/...')
#6 /Applicati in /Applications/XAMPP/xamppfiles/htdocs/wordpress/wp-content/plugins/wp-learn/hidden-widgets.php on line 10

2020-03-02T03:59:03+00:00 CRITICAL Cannot redeclare wc_print_notices() (previously declared in /Applications/XAMPP/xamppfiles/htdocs/wordpress/wp-content/plugins/woocommerce/includes/wc-notice-functions.php:134) in /Applications/XAMPP/xamppfiles/htdocs/wordpress/wp-content/plugins/wp-learn/hidden-widgets.php on line 22

2020-03-02T03:59:13+00:00 CRITICAL Uncaught Error: Call to undefined function woocommerce_wp_text_input() in /Applications/XAMPP/xamppfiles/htdocs/wordpress/wp-content/plugins/wp-learn/hidden-widgets.php:10
Stack trace:
#0 /Applications/XAMPP/xamppfiles/htdocs/wordpress/wp-includes/class-wp-hook.php(288): ahihi('')
#1 /Applications/XAMPP/xamppfiles/htdocs/wordpress/wp-includes/class-wp-hook.php(312): WP_Hook->apply_filters(NULL, Array)
#2 /Applications/XAMPP/xamppfiles/htdocs/wordpress/wp-includes/plugin.php(478): WP_Hook->do_action(Array)
#3 /Applications/XAMPP/xamppfiles/htdocs/wordpress/wp-content/plugins/woocommerce/templates/content-single-product.php(27): do_action('woocommerce_bef...')
#4 /Applications/XAMPP/xamppfiles/htdocs/wordpress/wp-includes/template.php(724): require('/Applications/X...')
#5 /Applications/XAMPP/xamppfiles/htdocs/wordpress/wp-content/plugins/woocommerce/includes/wc-core-functions.php(195): load_template('/Applications/X...', false)
#6 /Applications/XAMPP/xamppfiles/htdocs/wordpress/wp-content/plugins/woocommerce/t in /Applications/XAMPP/xamppfiles/htdocs/wordpress/wp-content/plugins/wp-learn/hidden-widgets.php on line 10

2020-03-02T04:00:24+00:00 CRITICAL Uncaught Error: Call to undefined function woocommerce_wp_text_input() in /Applications/XAMPP/xamppfiles/htdocs/wordpress/wp-content/plugins/wp-learn/hidden-widgets.php:10
Stack trace:
#0 /Applications/XAMPP/xamppfiles/htdocs/wordpress/wp-includes/class-wp-hook.php(288): ahihi('')
#1 /Applications/XAMPP/xamppfiles/htdocs/wordpress/wp-includes/class-wp-hook.php(312): WP_Hook->apply_filters('', Array)
#2 /Applications/XAMPP/xamppfiles/htdocs/wordpress/wp-includes/plugin.php(478): WP_Hook->do_action(Array)
#3 /Applications/XAMPP/xamppfiles/htdocs/wordpress/wp-content/plugins/woocommerce/templates/single-product/add-to-cart/simple.php(30): do_action('woocommerce_bef...')
#4 /Applications/XAMPP/xamppfiles/htdocs/wordpress/wp-content/plugins/woocommerce/includes/wc-core-functions.php(249): include('/Applications/X...')
#5 /Applications/XAMPP/xamppfiles/htdocs/wordpress/wp-content/plugins/woocommerce/includes/wc-template-functions.php(1581): wc_get_template('single-product/...')
#6 /Applications/XAMPP/xamppfiles/htd in /Applications/XAMPP/xamppfiles/htdocs/wordpress/wp-content/plugins/wp-learn/hidden-widgets.php on line 10

2020-03-02T04:01:16+00:00 CRITICAL Uncaught Error: Call to undefined function woocommerce_wp_text_input() in /Applications/XAMPP/xamppfiles/htdocs/wordpress/wp-content/plugins/wp-learn/hello-hidden-widgets.php:10
Stack trace:
#0 /Applications/XAMPP/xamppfiles/htdocs/wordpress/wp-includes/class-wp-hook.php(288): ahihi('')
#1 /Applications/XAMPP/xamppfiles/htdocs/wordpress/wp-includes/class-wp-hook.php(312): WP_Hook->apply_filters('', Array)
#2 /Applications/XAMPP/xamppfiles/htdocs/wordpress/wp-includes/plugin.php(478): WP_Hook->do_action(Array)
#3 /Applications/XAMPP/xamppfiles/htdocs/wordpress/wp-content/plugins/woocommerce/templates/single-product/add-to-cart/simple.php(30): do_action('woocommerce_bef...')
#4 /Applications/XAMPP/xamppfiles/htdocs/wordpress/wp-content/plugins/woocommerce/includes/wc-core-functions.php(249): include('/Applications/X...')
#5 /Applications/XAMPP/xamppfiles/htdocs/wordpress/wp-content/plugins/woocommerce/includes/wc-template-functions.php(1581): wc_get_template('single-product/...')
#6 /Applications/XAMPP/xamppfil in /Applications/XAMPP/xamppfiles/htdocs/wordpress/wp-content/plugins/wp-learn/hello-hidden-widgets.php on line 10

2020-03-02T04:02:26+00:00 CRITICAL Uncaught Error: Call to undefined function woocommerce_wp_select() in /Applications/XAMPP/xamppfiles/htdocs/wordpress/wp-content/plugins/wp-learn/hello-hidden-widgets.php:10
Stack trace:
#0 /Applications/XAMPP/xamppfiles/htdocs/wordpress/wp-includes/class-wp-hook.php(288): ahihi('')
#1 /Applications/XAMPP/xamppfiles/htdocs/wordpress/wp-includes/class-wp-hook.php(312): WP_Hook->apply_filters('', Array)
#2 /Applications/XAMPP/xamppfiles/htdocs/wordpress/wp-includes/plugin.php(478): WP_Hook->do_action(Array)
#3 /Applications/XAMPP/xamppfiles/htdocs/wordpress/wp-content/plugins/woocommerce/templates/single-product/add-to-cart/simple.php(30): do_action('woocommerce_bef...')
#4 /Applications/XAMPP/xamppfiles/htdocs/wordpress/wp-content/plugins/woocommerce/includes/wc-core-functions.php(249): include('/Applications/X...')
#5 /Applications/XAMPP/xamppfiles/htdocs/wordpress/wp-content/plugins/woocommerce/includes/wc-template-functions.php(1581): wc_get_template('single-product/...')
#6 /Applications/XAMPP/xamppfiles/h in /Applications/XAMPP/xamppfiles/htdocs/wordpress/wp-content/plugins/wp-learn/hello-hidden-widgets.php on line 10

2020-03-02T04:05:18+00:00 CRITICAL Uncaught Error: Call to undefined function woocommerce_wp_select() in /Applications/XAMPP/xamppfiles/htdocs/wordpress/wp-content/plugins/wp-learn/hello-hidden-widgets.php:10
Stack trace:
#0 /Applications/XAMPP/xamppfiles/htdocs/wordpress/wp-includes/class-wp-hook.php(288): ahihi('')
#1 /Applications/XAMPP/xamppfiles/htdocs/wordpress/wp-includes/class-wp-hook.php(312): WP_Hook->apply_filters('', Array)
#2 /Applications/XAMPP/xamppfiles/htdocs/wordpress/wp-includes/plugin.php(478): WP_Hook->do_action(Array)
#3 /Applications/XAMPP/xamppfiles/htdocs/wordpress/wp-content/plugins/woocommerce/templates/single-product/add-to-cart/simple.php(30): do_action('woocommerce_bef...')
#4 /Applications/XAMPP/xamppfiles/htdocs/wordpress/wp-content/plugins/woocommerce/includes/wc-core-functions.php(249): include('/Applications/X...')
#5 /Applications/XAMPP/xamppfiles/htdocs/wordpress/wp-content/plugins/woocommerce/includes/wc-template-functions.php(1581): wc_get_template('single-product/...')
#6 /Applications/XAMPP/xamppfiles/h in /Applications/XAMPP/xamppfiles/htdocs/wordpress/wp-content/plugins/wp-learn/hello-hidden-widgets.php on line 10

2020-03-02T09:10:28+00:00 CRITICAL Uncaught Error: Call to undefined function woocommerce_wp_text_input() in /Applications/XAMPP/xamppfiles/htdocs/wordpress/wp-content/plugins/wp-learn/hello-hidden-widgets.php:10
Stack trace:
#0 /Applications/XAMPP/xamppfiles/htdocs/wordpress/wp-includes/class-wp-hook.php(288): cfwc_create_custom_field('')
#1 /Applications/XAMPP/xamppfiles/htdocs/wordpress/wp-includes/class-wp-hook.php(312): WP_Hook->apply_filters('', Array)
#2 /Applications/XAMPP/xamppfiles/htdocs/wordpress/wp-includes/plugin.php(478): WP_Hook->do_action(Array)
#3 /Applications/XAMPP/xamppfiles/htdocs/wordpress/wp-content/plugins/woocommerce/templates/single-product/add-to-cart/simple.php(30): do_action('woocommerce_bef...')
#4 /Applications/XAMPP/xamppfiles/htdocs/wordpress/wp-content/plugins/woocommerce/includes/wc-core-functions.php(249): include('/Applications/X...')
#5 /Applications/XAMPP/xamppfiles/htdocs/wordpress/wp-content/plugins/woocommerce/includes/wc-template-functions.php(1581): wc_get_template('single-product/...')
#6 /Applicat in /Applications/XAMPP/xamppfiles/htdocs/wordpress/wp-content/plugins/wp-learn/hello-hidden-widgets.php on line 10

2020-03-02T09:22:42+00:00 CRITICAL Uncaught Error: Call to undefined function woocommerce_wp_text_input() in /Applications/XAMPP/xamppfiles/htdocs/wordpress/wp-content/plugins/wp-learn/hello-hidden-widgets.php:20
Stack trace:
#0 /Applications/XAMPP/xamppfiles/htdocs/wordpress/wp-includes/class-wp-hook.php(288): woocommerce_custom_fields_display('')
#1 /Applications/XAMPP/xamppfiles/htdocs/wordpress/wp-includes/class-wp-hook.php(312): WP_Hook->apply_filters('', Array)
#2 /Applications/XAMPP/xamppfiles/htdocs/wordpress/wp-includes/plugin.php(478): WP_Hook->do_action(Array)
#3 /Applications/XAMPP/xamppfiles/htdocs/wordpress/wp-content/plugins/woocommerce/templates/single-product/add-to-cart/simple.php(33): do_action('woocommerce_bef...')
#4 /Applications/XAMPP/xamppfiles/htdocs/wordpress/wp-content/plugins/woocommerce/includes/wc-core-functions.php(249): include('/Applications/X...')
#5 /Applications/XAMPP/xamppfiles/htdocs/wordpress/wp-content/plugins/woocommerce/includes/wc-template-functions.php(1581): wc_get_template('single-product/...')
#6  in /Applications/XAMPP/xamppfiles/htdocs/wordpress/wp-content/plugins/wp-learn/hello-hidden-widgets.php on line 20

2020-03-02T09:23:07+00:00 CRITICAL Uncaught Error: Call to undefined function woocommerce_wp_text_input() in /Applications/XAMPP/xamppfiles/htdocs/wordpress/wp-content/plugins/wp-learn/hello-hidden-widgets.php:11
Stack trace:
#0 /Applications/XAMPP/xamppfiles/htdocs/wordpress/wp-includes/class-wp-hook.php(288): woocommerce_custom_fields_display('')
#1 /Applications/XAMPP/xamppfiles/htdocs/wordpress/wp-includes/class-wp-hook.php(312): WP_Hook->apply_filters('', Array)
#2 /Applications/XAMPP/xamppfiles/htdocs/wordpress/wp-includes/plugin.php(478): WP_Hook->do_action(Array)
#3 /Applications/XAMPP/xamppfiles/htdocs/wordpress/wp-content/plugins/woocommerce/templates/single-product/add-to-cart/simple.php(33): do_action('woocommerce_bef...')
#4 /Applications/XAMPP/xamppfiles/htdocs/wordpress/wp-content/plugins/woocommerce/includes/wc-core-functions.php(249): include('/Applications/X...')
#5 /Applications/XAMPP/xamppfiles/htdocs/wordpress/wp-content/plugins/woocommerce/includes/wc-template-functions.php(1581): wc_get_template('single-product/...')
#6  in /Applications/XAMPP/xamppfiles/htdocs/wordpress/wp-content/plugins/wp-learn/hello-hidden-widgets.php on line 11

2020-03-02T09:23:10+00:00 CRITICAL Uncaught Error: Call to undefined function woocommerce_wp_text_input() in /Applications/XAMPP/xamppfiles/htdocs/wordpress/wp-content/plugins/wp-learn/hello-hidden-widgets.php:11
Stack trace:
#0 /Applications/XAMPP/xamppfiles/htdocs/wordpress/wp-includes/class-wp-hook.php(288): woocommerce_custom_fields_display('')
#1 /Applications/XAMPP/xamppfiles/htdocs/wordpress/wp-includes/class-wp-hook.php(312): WP_Hook->apply_filters('', Array)
#2 /Applications/XAMPP/xamppfiles/htdocs/wordpress/wp-includes/plugin.php(478): WP_Hook->do_action(Array)
#3 /Applications/XAMPP/xamppfiles/htdocs/wordpress/wp-content/plugins/woocommerce/templates/single-product/add-to-cart/simple.php(33): do_action('woocommerce_bef...')
#4 /Applications/XAMPP/xamppfiles/htdocs/wordpress/wp-content/plugins/woocommerce/includes/wc-core-functions.php(249): include('/Applications/X...')
#5 /Applications/XAMPP/xamppfiles/htdocs/wordpress/wp-content/plugins/woocommerce/includes/wc-template-functions.php(1581): wc_get_template('single-product/...')
#6  in /Applications/XAMPP/xamppfiles/htdocs/wordpress/wp-content/plugins/wp-learn/hello-hidden-widgets.php on line 11

2020-03-02T09:56:11+00:00 CRITICAL Cannot redeclare cfwc_display_custom_field() (previously declared in /Applications/XAMPP/xamppfiles/htdocs/wordpress/wp-content/plugins/wp-learn/include/custom-field-admin.php:27) in /Applications/XAMPP/xamppfiles/htdocs/wordpress/wp-content/plugins/wp-learn/include/custom-field-font-end.php on line 25

